# JRE version: Java(TM) SE Runtime Environment (8.0_391) (build 1.8.0_391-b13)
# Java VM: Java HotSpot(TM) 64-Bit Server VM (25.391-b13 mixed mode windows-amd64 compressed oops)
Heap:
 PSYoungGen      total 113664K, used 20741K [0x00000000f5580000, 0x00000000fd100000, 0x0000000100000000)
  eden space 100352K, 12% used [0x00000000f5580000,0x00000000f6210350,0x00000000fb780000)
  from space 13312K, 59% used [0x00000000fc400000,0x00000000fcbb1258,0x00000000fd100000)
  to   space 12800K, 0% used [0x00000000fb780000,0x00000000fb780000,0x00000000fc400000)
 ParOldGen       total 175104K, used 10492K [0x00000000e0000000, 0x00000000eab00000, 0x00000000f5580000)
  object space 175104K, 5% used [0x00000000e0000000,0x00000000e0a3f2c8,0x00000000eab00000)
 Metaspace       used 31748K, capacity 33316K, committed 33408K, reserved 1077248K
  class space    used 4643K, capacity 4950K, committed 4992K, reserved 1048576K
GC Heap History (10 events):
Event: 3.234 GC heap before
{Heap before GC invocations=3 (full 0):
 PSYoungGen      total 76288K, used 73270K [0x00000000f5580000, 0x00000000faa80000, 0x0000000100000000)
  eden space 65536K, 100% used [0x00000000f5580000,0x00000000f9580000,0x00000000f9580000)
  from space 10752K, 71% used [0x00000000fa000000,0x00000000fa78db98,0x00000000faa80000)
  to   space 10752K, 0% used [0x00000000f9580000,0x00000000f9580000,0x00000000fa000000)
 ParOldGen       total 175104K, used 24K [0x00000000e0000000, 0x00000000eab00000, 0x00000000f5580000)
  object space 175104K, 0% used [0x00000000e0000000,0x00000000e0006000,0x00000000eab00000)
 Metaspace       used 17703K, capacity 18466K, committed 18560K, reserved 1064960K
  class space    used 2501K, capacity 2677K, committed 2688K, reserved 1048576K
Event: 3.243 GC heap after
Heap after GC invocations=3 (full 0):
 PSYoungGen      total 76288K, used 10722K [0x00000000f5580000, 0x00000000faa80000, 0x0000000100000000)
  eden space 65536K, 0% used [0x00000000f5580000,0x00000000f5580000,0x00000000f9580000)
  from space 10752K, 99% used [0x00000000f9580000,0x00000000f9ff8990,0x00000000fa000000)
  to   space 10752K, 0% used [0x00000000fa000000,0x00000000fa000000,0x00000000faa80000)
 ParOldGen       total 175104K, used 210K [0x00000000e0000000, 0x00000000eab00000, 0x00000000f5580000)
  object space 175104K, 0% used [0x00000000e0000000,0x00000000e0034ae8,0x00000000eab00000)
 Metaspace       used 17703K, capacity 18466K, committed 18560K, reserved 1064960K
  class space    used 2501K, capacity 2677K, committed 2688K, reserved 1048576K
}
Event: 3.657 GC heap before
{Heap before GC invocations=4 (full 0):
 PSYoungGen      total 76288K, used 67682K [0x00000000f5580000, 0x00000000faa80000, 0x0000000100000000)
  eden space 65536K, 86% used [0x00000000f5580000,0x00000000f8d20140,0x00000000f9580000)
  from space 10752K, 99% used [0x00000000f9580000,0x00000000f9ff8990,0x00000000fa000000)
  to   space 10752K, 0% used [0x00000000fa000000,0x00000000fa000000,0x00000000faa80000)
 ParOldGen       total 175104K, used 210K [0x00000000e0000000, 0x00000000eab00000, 0x00000000f5580000)
  object space 175104K, 0% used [0x00000000e0000000,0x00000000e0034ae8,0x00000000eab00000)
 Metaspace       used 20435K, capacity 21288K, committed 21296K, reserved 1067008K
  class space    used 2983K, capacity 3192K, committed 3200K, reserved 1048576K
Event: 3.665 GC heap after
Heap after GC invocations=4 (full 0):
 PSYoungGen      total 76288K, used 10747K [0x00000000f5580000, 0x00000000faa80000, 0x0000000100000000)
  eden space 65536K, 0% used [0x00000000f5580000,0x00000000f5580000,0x00000000f9580000)
  from space 10752K, 99% used [0x00000000fa000000,0x00000000faa7eed8,0x00000000faa80000)
  to   space 10752K, 0% used [0x00000000f9580000,0x00000000f9580000,0x00000000fa000000)
 ParOldGen       total 175104K, used 250K [0x00000000e0000000, 0x00000000eab00000, 0x00000000f5580000)
  object space 175104K, 0% used [0x00000000e0000000,0x00000000e003eae8,0x00000000eab00000)
 Metaspace       used 20435K, capacity 21288K, committed 21296K, reserved 1067008K
  class space    used 2983K, capacity 3192K, committed 3200K, reserved 1048576K
}
Event: 3.665 GC heap before
{Heap before GC invocations=5 (full 1):
 PSYoungGen      total 76288K, used 10747K [0x00000000f5580000, 0x00000000faa80000, 0x0000000100000000)
  eden space 65536K, 0% used [0x00000000f5580000,0x00000000f5580000,0x00000000f9580000)
  from space 10752K, 99% used [0x00000000fa000000,0x00000000faa7eed8,0x00000000faa80000)
  to   space 10752K, 0% used [0x00000000f9580000,0x00000000f9580000,0x00000000fa000000)
 ParOldGen       total 175104K, used 250K [0x00000000e0000000, 0x00000000eab00000, 0x00000000f5580000)
  object space 175104K, 0% used [0x00000000e0000000,0x00000000e003eae8,0x00000000eab00000)
 Metaspace       used 20435K, capacity 21288K, committed 21296K, reserved 1067008K
  class space    used 2983K, capacity 3192K, committed 3200K, reserved 1048576K
Event: 3.697 GC heap after
Heap after GC invocations=5 (full 1):
 PSYoungGen      total 76288K, used 0K [0x00000000f5580000, 0x00000000faa80000, 0x0000000100000000)
  eden space 65536K, 0% used [0x00000000f5580000,0x00000000f5580000,0x00000000f9580000)
  from space 10752K, 0% used [0x00000000fa000000,0x00000000fa000000,0x00000000faa80000)
  to   space 10752K, 0% used [0x00000000f9580000,0x00000000f9580000,0x00000000fa000000)
 ParOldGen       total 175104K, used 10476K [0x00000000e0000000, 0x00000000eab00000, 0x00000000f5580000)
  object space 175104K, 5% used [0x00000000e0000000,0x00000000e0a3b2c8,0x00000000eab00000)
 Metaspace       used 20435K, capacity 21288K, committed 21296K, reserved 1067008K
  class space    used 2983K, capacity 3192K, committed 3200K, reserved 1048576K
}
Event: 4.203 GC heap before
{Heap before GC invocations=6 (full 1):
 PSYoungGen      total 76288K, used 65536K [0x00000000f5580000, 0x00000000faa80000, 0x0000000100000000)
  eden space 65536K, 100% used [0x00000000f5580000,0x00000000f9580000,0x00000000f9580000)
  from space 10752K, 0% used [0x00000000fa000000,0x00000000fa000000,0x00000000faa80000)
  to   space 10752K, 0% used [0x00000000f9580000,0x00000000f9580000,0x00000000fa000000)
 ParOldGen       total 175104K, used 10476K [0x00000000e0000000, 0x00000000eab00000, 0x00000000f5580000)
  object space 175104K, 5% used [0x00000000e0000000,0x00000000e0a3b2c8,0x00000000eab00000)
 Metaspace       used 24100K, capacity 25358K, committed 25472K, reserved 1071104K
  class space    used 3596K, capacity 3875K, committed 3968K, reserved 1048576K
Event: 4.206 GC heap after
Heap after GC invocations=6 (full 1):
 PSYoungGen      total 76288K, used 5410K [0x00000000f5580000, 0x00000000fd100000, 0x0000000100000000)
  eden space 65536K, 0% used [0x00000000f5580000,0x00000000f5580000,0x00000000f9580000)
  from space 10752K, 50% used [0x00000000f9580000,0x00000000f9ac8898,0x00000000fa000000)
  to   space 13312K, 0% used [0x00000000fc400000,0x00000000fc400000,0x00000000fd100000)
 ParOldGen       total 175104K, used 10484K [0x00000000e0000000, 0x00000000eab00000, 0x00000000f5580000)
  object space 175104K, 5% used [0x00000000e0000000,0x00000000e0a3d2c8,0x00000000eab00000)
 Metaspace       used 24100K, capacity 25358K, committed 25472K, reserved 1071104K
  class space    used 3596K, capacity 3875K, committed 3968K, reserved 1048576K
}
Event: 4.814 GC heap before
{Heap before GC invocations=7 (full 1):
 PSYoungGen      total 76288K, used 70946K [0x00000000f5580000, 0x00000000fd100000, 0x0000000100000000)
  eden space 65536K, 100% used [0x00000000f5580000,0x00000000f9580000,0x00000000f9580000)
  from space 10752K, 50% used [0x00000000f9580000,0x00000000f9ac8898,0x00000000fa000000)
  to   space 13312K, 0% used [0x00000000fc400000,0x00000000fc400000,0x00000000fd100000)
 ParOldGen       total 175104K, used 10484K [0x00000000e0000000, 0x00000000eab00000, 0x00000000f5580000)
  object space 175104K, 5% used [0x00000000e0000000,0x00000000e0a3d2c8,0x00000000eab00000)
 Metaspace       used 29337K, capacity 30884K, committed 31104K, reserved 1075200K
  class space    used 4343K, capacity 4678K, committed 4736K, reserved 1048576K
Event: 4.821 GC heap after
Heap after GC invocations=7 (full 1):
 PSYoungGen      total 113664K, used 7876K [0x00000000f5580000, 0x00000000fd100000, 0x0000000100000000)
  eden space 100352K, 0% used [0x00000000f5580000,0x00000000f5580000,0x00000000fb780000)
  from space 13312K, 59% used [0x00000000fc400000,0x00000000fcbb1258,0x00000000fd100000)
  to   space 12800K, 0% used [0x00000000fb780000,0x00000000fb780000,0x00000000fc400000)
 ParOldGen       total 175104K, used 10492K [0x00000000e0000000, 0x00000000eab00000, 0x00000000f5580000)
  object space 175104K, 5% used [0x00000000e0000000,0x00000000e0a3f2c8,0x00000000eab00000)
 Metaspace       used 29337K, capacity 30884K, committed 31104K, reserved 1075200K
  class space    used 4343K, capacity 4678K, committed 4736K, reserved 1048576K
}

